<?xml version="1.0" encoding="UTF-8"?>
<testng-results ignored="0" total="1" passed="1" failed="0" skipped="0">
  <reporter-output>
  </reporter-output>
  <suite started-at="2024-08-28T13:32:53Z" name="Default suite" finished-at="2024-08-28T13:32:54Z" duration-ms="1288">
    <groups>
    </groups>
    <test started-at="2024-08-28T13:32:53Z" name="Default test" finished-at="2024-08-28T13:32:54Z" duration-ms="1288">
      <class name="com.aari.nop.Nop">
        <test-method signature="launch()[pri:0, instance:com.aari.nop.Nop@7d7758be]" started-at="2024-08-28T13:32:53Z" name="launch" finished-at="2024-08-28T13:32:54Z" duration-ms="1269" status="PASS">
          <reporter-output>
          </reporter-output>
        </test-method> <!-- launch -->
      </class> <!-- com.aari.nop.Nop -->
    </test> <!-- Default test -->
  </suite> <!-- Default suite -->
</testng-results>
